Image Clean And Pull
--------------------------------------------------
Initialize Time: 10.928547299998172 sec
Deploy Broker Time: 156.5813937999992 sec
Deploy Publisher And Subscriber Time: 60.537459600003785 sec
Collect Result Time: 7.814829499999178 sec
Clean Time: 29.334906399999454 sec
**************************************************
--------------------------------------------------
Initialize Time: 10.221087199999602 sec
Deploy Broker Time: 151.28250110000226 sec
Deploy Publisher And Subscriber Time: 62.51506140000129 sec
Collect Result Time: 8.267245000002731 sec
Clean Time: 29.77403079999931 sec
**************************************************
--------------------------------------------------
Initialize Time: 9.928562599998259 sec
Deploy Broker Time: 150.80016619999515 sec
Deploy Publisher And Subscriber Time: 70.96469490000163 sec
Collect Result Time: 7.906651999997848 sec
Clean Time: 31.879113800001505 sec
**************************************************
Image Not Clean And Not Pull
--------------------------------------------------
Initialize Time: 10.373881200001051 sec
Deploy Broker Time: 46.631887800002005 sec
Deploy Publisher And Subscriber Time: 14.090397300002223 sec
Collect Result Time: 8.526272399998561 sec
Clean Time: 30.83080009999685 sec
**************************************************
--------------------------------------------------
Initialize Time: 10.163831999998365 sec
Deploy Broker Time: 45.19452530000126 sec
Deploy Publisher And Subscriber Time: 14.802523099999235 sec
Collect Result Time: 7.823219499994593 sec
Clean Time: 30.694677799998317 sec
**************************************************
--------------------------------------------------
Initialize Time: 11.113208700000541 sec
Deploy Broker Time: 46.56918239999504 sec
Deploy Publisher And Subscriber Time: 15.39370479999343 sec
Collect Result Time: 8.884119099995587 sec
Clean Time: 32.85543660000258 sec
**************************************************
Image Not Clean And Pull
--------------------------------------------------
Initialize Time: 10.405946999999287 sec
Deploy Broker Time: 58.837406600003305 sec
Deploy Publisher And Subscriber Time: 16.39893210000446 sec
Collect Result Time: 8.624317500005418 sec
Clean Time: 34.54308360000141 sec
**************************************************
--------------------------------------------------
Initialize Time: 10.194853099994361 sec
Deploy Broker Time: 59.98009290000482 sec
Deploy Publisher And Subscriber Time: 17.48844540000573 sec
Collect Result Time: 8.888717399997404 sec
Clean Time: 31.965568799998437 sec
**************************************************
--------------------------------------------------
Initialize Time: 9.801247199997306 sec
Deploy Broker Time: 58.268755999997666 sec
Deploy Publisher And Subscriber Time: 16.733590700001514 sec
Collect Result Time: 8.423481400001037 sec
Clean Time: 31.606215800005884 sec
**************************************************
--------------------------------------------------
Initialize Time: 10.126076600005035 sec
**************************************************
--------------------------------------------------
Deploy Broker Time: 46.76137849999941 sec
**************************************************
--------------------------------------------------
Deploy Broker Time: 60.73691800000233 sec
**************************************************
--------------------------------------------------
Deploy Publisher And Subscriber Time: 14.280132099993352 sec
Collect Result Time: 8.744699000002583 sec
**************************************************
--------------------------------------------------
Deploy Publisher And Subscriber Time: 13.930703700003505 sec
Collect Result Time: 8.20824580000044 sec
**************************************************
--------------------------------------------------
Deploy Publisher And Subscriber Time: 14.043068600003608 sec
Collect Result Time: 8.667471400003706 sec
**************************************************
--------------------------------------------------
Deploy Publisher And Subscriber Time: 14.671605499999714 sec
Collect Result Time: 9.464023400003498 sec
**************************************************
--------------------------------------------------
Deploy Publisher And Subscriber Time: 14.700248400004057 sec
Collect Result Time: 10.17547029999696 sec
**************************************************
--------------------------------------------------
Deploy Publisher And Subscriber Time: 13.887224500002048 sec
Collect Result Time: 11.572081199999957 sec
**************************************************
--------------------------------------------------
Deploy Publisher And Subscriber Time: 14.484494199998153 sec
Collect Result Time: 8.223538799997186 sec
**************************************************
--------------------------------------------------
Deploy Publisher And Subscriber Time: 13.365366400001221 sec
Collect Result Time: 9.160278800001834 sec
**************************************************
--------------------------------------------------
Deploy Publisher And Subscriber Time: 14.591719600000943 sec
Collect Result Time: 7.485230499994941 sec
**************************************************
--------------------------------------------------
Deploy Publisher And Subscriber Time: 13.709789799999271 sec
Collect Result Time: 7.582047800002329 sec
**************************************************
--------------------------------------------------
Deploy Publisher And Subscriber Time: 14.025422500002605 sec
Collect Result Time: 10.628123800001049 sec
**************************************************
--------------------------------------------------
Deploy Publisher And Subscriber Time: 13.573432099998172 sec
Collect Result Time: 8.953735400005826 sec
**************************************************
--------------------------------------------------
Deploy Publisher And Subscriber Time: 14.072678700002143 sec
Collect Result Time: 8.603598599998804 sec
**************************************************
--------------------------------------------------
Deploy Publisher And Subscriber Time: 12.698116100000334 sec
Collect Result Time: 9.127831699996023 sec
**************************************************
--------------------------------------------------
Deploy Publisher And Subscriber Time: 12.677459800004726 sec
Collect Result Time: 9.067993399999978 sec
**************************************************
--------------------------------------------------
Deploy Publisher And Subscriber Time: 13.058636200003093 sec
Collect Result Time: 9.524013700000069 sec
**************************************************
